00011 : Unrecognized symbol reti
00013 : Unrecognized symbol reti
00014 : Unrecognized symbol reti
00069 : Unrecognized symbol loadi
00071 : Unrecognized symbol sei
00084 : Unrecognized symbol sonaren
00171 : Unrecognized symbol cli
00187 : Unrecognized symbol reti
00196 : Unrecognized symbol loadi
00213 : Unrecognized symbol loadi
00424 : Unrecognized symbol loadi
00464 : Unrecognized symbol loadi
00467 : Unrecognized symbol loadi
00520 : Unrecognized symbol loadi
00526 : Unrecognized symbol loadi
00553 : Unrecognized symbol loadi
00559 : Unrecognized symbol loadi
00607 : Unrecognized symbol loadi
00620 : Unrecognized symbol loadi
00671 : Unrecognized symbol loadi
00682 : Unrecognized symbol loadi
